[[0, 0, -1, 0, 0, 0, 0, 0, 0, 0], 
 [0, 0, -1, 0, 0, 0, 0, 0, 0, 0], 
 [0, 0, -1, 0, 0, 0, 0, 0, 0, -1], 
 [0, -1, 0, 0, 0, 0, 0, -1, 0, 0],
 0, 0, 0, 0, 0, 0, 0, 0, 0, 0], 
 [0, 0, 0, -1, 0, 0, -1, 0, 0, -1], 
 [-1, -1, -1, 0, 0, 0, 0, -1, 0, 0], 
 [-1, 0, 0, -1, 0, 0, 0, 0, -1, 0], 
 [0, 0, 0, 0, 0, 0, 0, -1, 0, -1], 
 [0, 0, -1, -1, -1, 0, 0, 0, 0, 0]]

[[1, 2, -1, 12, 13, 14, 15, 16, 17, 18], 
 [2, 3, -1, 11, 12, 13, 14, 15, 16, 17], 
 [3, 4, -1, 10, 11, 12, 13, 14, 15, -1], 
 [4, -1, 8, 9, 10, 11, 12, -1, 14, 15], 
 [5, 6, 7, 8, 9, 10, 11, 12, 13, 14], 
 [6, 7, 8, -1, 10, 11, -1, 13, 14, -1], 
 [-1, -1, -1, 12, 11, 12, 13, -1, 15, 16], 
 [-1, 17, 16, -1, 12, 13, 14, 15, -1, 17], 
 [17, 16, 15, 14, 13, 14, 15, -1, 19, -1], 
 [18, 17, -1, -1, -1, 15, 16, 17, 18, 19]]
 
18
